{"C:\\Users\\giova\\OneDrive\\Desktop\\chatbot\\chatbot-webapp\\app.js": {"path":"C:\\Users\\giova\\OneDrive\\Desktop\\chatbot\\chatbot-webapp\\app.js","statementMap":{"0":{"start":{"line":1,"column":16},"end":{"line":1,"column":36}},"1":{"start":{"line":2,"column":16},"end":{"line":2,"column":34}},"2":{"start":{"line":3,"column":12},"end":{"line":3,"column":21}},"3":{"start":{"line":4,"column":13},"end":{"line":4,"column":17}},"4":{"start":{"line":5,"column":15},"end":{"line":5,"column":40}},"5":{"start":{"line":7,"column":0},"end":{"line":7,"column":27}},"6":{"start":{"line":10,"column":0},"end":{"line":10,"column":23}},"7":{"start":{"line":11,"column":0},"end":{"line":11,"column":45}},"8":{"start":{"line":13,"column":0},"end":{"line":13,"column":15}},"9":{"start":{"line":16,"column":0},"end":{"line":18,"column":2}},"10":{"start":{"line":17,"column":2},"end":{"line":17,"column":71}},"11":{"start":{"line":20,"column":0},"end":{"line":20,"column":21}}},"fnMap":{"0":{"name":"(anonymous_0)","decl":{"start":{"line":16,"column":17},"end":{"line":16,"column":18}},"loc":{"start":{"line":16,"column":23},"end":{"line":18,"column":1}},"line":16}},"branchMap":{},"s":{"0":1,"1":1,"2":1,"3":1,"4":1,"5":1,"6":1,"7":1,"8":1,"9":1,"10":0,"11":1},"f":{"0":0},"b":{},"_coverageSchema":"1a1c01bbd47fc00a2c39e90264f33305004495a9","hash":"e39b8a1d372e08e0665503a9f05fa52f3cc7870d"}
,"C:\\Users\\giova\\OneDrive\\Desktop\\chatbot\\chatbot-webapp\\controllers\\intentController.js": {"path":"C:\\Users\\giova\\OneDrive\\Desktop\\chatbot\\chatbot-webapp\\controllers\\intentController.js","statementMap":{"0":{"start":{"line":1,"column":19},"end":{"line":1,"column":39}},"1":{"start":{"line":2,"column":15},"end":{"line":2,"column":35}},"2":{"start":{"line":8,"column":8},"end":{"line":20,"column":9}},"3":{"start":{"line":9,"column":51},"end":{"line":9,"column":59}},"4":{"start":{"line":11,"column":29},"end":{"line":11,"column":31}},"5":{"start":{"line":12,"column":12},"end":{"line":12,"column":47}},"6":{"start":{"line":13,"column":30},"end":{"line":13,"column":81}},"7":{"start":{"line":15,"column":12},"end":{"line":15,"column":143}},"8":{"start":{"line":18,"column":12},"end":{"line":18,"column":21}},"9":{"start":{"line":24,"column":2},"end":{"line":52,"column":3}},"10":{"start":{"line":25,"column":14},"end":{"line":25,"column":27}},"11":{"start":{"line":27,"column":29},"end":{"line":27,"column":31}},"12":{"start":{"line":28,"column":12},"end":{"line":28,"column":47}},"13":{"start":{"line":30,"column":18},"end":{"line":30,"column":69}},"14":{"start":{"line":32,"column":3},"end":{"line":34,"column":4}},"15":{"start":{"line":33,"column":4},"end":{"line":33,"column":33}},"16":{"start":{"line":36,"column":32},"end":{"line":36,"column":42}},"17":{"start":{"line":37,"column":32},"end":{"line":37,"column":49}},"18":{"start":{"line":39,"column":3},"end":{"line":46,"column":5}},"19":{"start":{"line":48,"column":3},"end":{"line":48,"column":82}},"20":{"start":{"line":51,"column":3},"end":{"line":51,"column":13}},"21":{"start":{"line":57,"column":2},"end":{"line":78,"column":3}},"22":{"start":{"line":59,"column":22},"end":{"line":59,"column":36}},"23":{"start":{"line":61,"column":18},"end":{"line":67,"column":5}},"24":{"start":{"line":70,"column":3},"end":{"line":72,"column":4}},"25":{"start":{"line":71,"column":4},"end":{"line":71,"column":33}},"26":{"start":{"line":74,"column":3},"end":{"line":74,"column":40}},"27":{"start":{"line":77,"column":3},"end":{"line":77,"column":13}},"28":{"start":{"line":86,"column":0},"end":{"line":86,"column":33}}},"fnMap":{"0":{"name":"(anonymous_0)","decl":{"start":{"line":6,"column":4},"end":{"line":6,"column":5}},"loc":{"start":{"line":6,"column":46},"end":{"line":21,"column":5}},"line":6},"1":{"name":"(anonymous_1)","decl":{"start":{"line":23,"column":4},"end":{"line":23,"column":5}},"loc":{"start":{"line":23,"column":46},"end":{"line":53,"column":2}},"line":23},"2":{"name":"(anonymous_2)","decl":{"start":{"line":56,"column":4},"end":{"line":56,"column":5}},"loc":{"start":{"line":56,"column":42},"end":{"line":79,"column":2}},"line":56}},"branchMap":{"0":{"loc":{"start":{"line":30,"column":54},"end":{"line":30,"column":64}},"type":"binary-expr","locations":[{"start":{"line":30,"column":54},"end":{"line":30,"column":56}},{"start":{"line":30,"column":60},"end":{"line":30,"column":64}}],"line":30},"1":{"loc":{"start":{"line":32,"column":3},"end":{"line":34,"column":4}},"type":"if","locations":[{"start":{"line":32,"column":3},"end":{"line":34,"column":4}},{"start":{},"end":{}}],"line":32},"2":{"loc":{"start":{"line":44,"column":18},"end":{"line":44,"column":28}},"type":"binary-expr","locations":[{"start":{"line":44,"column":18},"end":{"line":44,"column":20}},{"start":{"line":44,"column":24},"end":{"line":44,"column":28}}],"line":44},"3":{"loc":{"start":{"line":70,"column":3},"end":{"line":72,"column":4}},"type":"if","locations":[{"start":{"line":70,"column":3},"end":{"line":72,"column":4}},{"start":{},"end":{}}],"line":70}},"s":{"0":1,"1":1,"2":0,"3":0,"4":0,"5":0,"6":0,"7":0,"8":0,"9":0,"10":0,"11":0,"12":0,"13":0,"14":0,"15":0,"16":0,"17":0,"18":0,"19":0,"20":0,"21":0,"22":0,"23":0,"24":0,"25":0,"26":0,"27":0,"28":1},"f":{"0":0,"1":0,"2":0},"b":{"0":[0,0],"1":[0,0],"2":[0,0],"3":[0,0]},"_coverageSchema":"1a1c01bbd47fc00a2c39e90264f33305004495a9","hash":"4988fd3ab762ee5fe15338e9caa3e453d95b64b0"}
,"C:\\Users\\giova\\OneDrive\\Desktop\\chatbot\\chatbot-webapp\\controllers\\userController.js": {"path":"C:\\Users\\giova\\OneDrive\\Desktop\\chatbot\\chatbot-webapp\\controllers\\userController.js","statementMap":{"0":{"start":{"line":1,"column":20},"end":{"line":1,"column":40}},"1":{"start":{"line":7,"column":8},"end":{"line":17,"column":9}},"2":{"start":{"line":8,"column":41},"end":{"line":8,"column":49}},"3":{"start":{"line":9,"column":17},"end":{"line":9,"column":120}},"4":{"start":{"line":10,"column":29},"end":{"line":10,"column":77}},"5":{"start":{"line":12,"column":12},"end":{"line":12,"column":84}},"6":{"start":{"line":15,"column":12},"end":{"line":15,"column":21}},"7":{"start":{"line":21,"column":2},"end":{"line":48,"column":3}},"8":{"start":{"line":22,"column":14},"end":{"line":22,"column":27}},"9":{"start":{"line":24,"column":42},"end":{"line":24,"column":50}},"10":{"start":{"line":25,"column":3},"end":{"line":25,"column":30}},"11":{"start":{"line":27,"column":18},"end":{"line":27,"column":70}},"12":{"start":{"line":29,"column":3},"end":{"line":31,"column":4}},"13":{"start":{"line":30,"column":4},"end":{"line":30,"column":40}},"14":{"start":{"line":33,"column":3},"end":{"line":42,"column":5}},"15":{"start":{"line":44,"column":3},"end":{"line":44,"column":79}},"16":{"start":{"line":47,"column":3},"end":{"line":47,"column":13}},"17":{"start":{"line":54,"column":0},"end":{"line":54,"column":31}}},"fnMap":{"0":{"name":"(anonymous_0)","decl":{"start":{"line":5,"column":4},"end":{"line":5,"column":5}},"loc":{"start":{"line":5,"column":50},"end":{"line":18,"column":5}},"line":5},"1":{"name":"(anonymous_1)","decl":{"start":{"line":20,"column":4},"end":{"line":20,"column":5}},"loc":{"start":{"line":20,"column":48},"end":{"line":49,"column":2}},"line":20}},"branchMap":{"0":{"loc":{"start":{"line":9,"column":17},"end":{"line":9,"column":120}},"type":"cond-expr","locations":[{"start":{"line":9,"column":34},"end":{"line":9,"column":48}},{"start":{"line":9,"column":51},"end":{"line":9,"column":120}}],"line":9},"1":{"loc":{"start":{"line":27,"column":55},"end":{"line":27,"column":65}},"type":"binary-expr","locations":[{"start":{"line":27,"column":55},"end":{"line":27,"column":57}},{"start":{"line":27,"column":61},"end":{"line":27,"column":65}}],"line":27},"2":{"loc":{"start":{"line":29,"column":3},"end":{"line":31,"column":4}},"type":"if","locations":[{"start":{"line":29,"column":3},"end":{"line":31,"column":4}},{"start":{},"end":{}}],"line":29},"3":{"loc":{"start":{"line":40,"column":18},"end":{"line":40,"column":28}},"type":"binary-expr","locations":[{"start":{"line":40,"column":18},"end":{"line":40,"column":20}},{"start":{"line":40,"column":24},"end":{"line":40,"column":28}}],"line":40}},"s":{"0":1,"1":3,"2":3,"3":3,"4":3,"5":1,"6":2,"7":1,"8":1,"9":1,"10":1,"11":1,"12":1,"13":0,"14":1,"15":1,"16":0,"17":1},"f":{"0":3,"1":1},"b":{"0":[3,0],"1":[1,0],"2":[0,1],"3":[1,0]},"_coverageSchema":"1a1c01bbd47fc00a2c39e90264f33305004495a9","hash":"f44c4a2493f877d00af5ab945a2d9c8bc6fba612"}
,"C:\\Users\\giova\\OneDrive\\Desktop\\chatbot\\chatbot-webapp\\middlewares\\errorHandler.js": {"path":"C:\\Users\\giova\\OneDrive\\Desktop\\chatbot\\chatbot-webapp\\middlewares\\errorHandler.js","statementMap":{"0":{"start":{"line":1,"column":21},"end":{"line":25,"column":1}},"1":{"start":{"line":4,"column":1},"end":{"line":24,"column":2}},"2":{"start":{"line":6,"column":3},"end":{"line":6,"column":48}},"3":{"start":{"line":6,"column":36},"end":{"line":6,"column":46}},"4":{"start":{"line":7,"column":3},"end":{"line":7,"column":36}},"5":{"start":{"line":8,"column":3},"end":{"line":8,"column":9}},"6":{"start":{"line":11,"column":3},"end":{"line":11,"column":48}},"7":{"start":{"line":11,"column":36},"end":{"line":11,"column":46}},"8":{"start":{"line":12,"column":3},"end":{"line":12,"column":36}},"9":{"start":{"line":13,"column":3},"end":{"line":13,"column":9}},"10":{"start":{"line":16,"column":3},"end":{"line":16,"column":32}},"11":{"start":{"line":17,"column":3},"end":{"line":17,"column":37}},"12":{"start":{"line":18,"column":3},"end":{"line":18,"column":9}},"13":{"start":{"line":21,"column":3},"end":{"line":21,"column":20}},"14":{"start":{"line":22,"column":3},"end":{"line":22,"column":62}},"15":{"start":{"line":23,"column":3},"end":{"line":23,"column":9}},"16":{"start":{"line":27,"column":0},"end":{"line":27,"column":30}}},"fnMap":{"0":{"name":"(anonymous_0)","decl":{"start":{"line":1,"column":21},"end":{"line":1,"column":22}},"loc":{"start":{"line":1,"column":46},"end":{"line":25,"column":1}},"line":1},"1":{"name":"(anonymous_1)","decl":{"start":{"line":6,"column":28},"end":{"line":6,"column":29}},"loc":{"start":{"line":6,"column":36},"end":{"line":6,"column":46}},"line":6},"2":{"name":"(anonymous_2)","decl":{"start":{"line":11,"column":28},"end":{"line":11,"column":29}},"loc":{"start":{"line":11,"column":36},"end":{"line":11,"column":46}},"line":11}},"branchMap":{"0":{"loc":{"start":{"line":4,"column":1},"end":{"line":24,"column":2}},"type":"switch","locations":[{"start":{"line":5,"column":2},"end":{"line":8,"column":9}},{"start":{"line":10,"column":2},"end":{"line":13,"column":9}},{"start":{"line":15,"column":2},"end":{"line":18,"column":9}},{"start":{"line":20,"column":2},"end":{"line":23,"column":9}}],"line":4}},"s":{"0":1,"1":2,"2":2,"3":2,"4":2,"5":2,"6":0,"7":0,"8":0,"9":0,"10":0,"11":0,"12":0,"13":0,"14":0,"15":0,"16":1},"f":{"0":2,"1":2,"2":0},"b":{"0":[2,0,0,0]},"_coverageSchema":"1a1c01bbd47fc00a2c39e90264f33305004495a9","hash":"66869c86ef283d412ee5da49ca66aac1758389a0"}
,"C:\\Users\\giova\\OneDrive\\Desktop\\chatbot\\chatbot-webapp\\middlewares\\imageKit.js": {"path":"C:\\Users\\giova\\OneDrive\\Desktop\\chatbot\\chatbot-webapp\\middlewares\\imageKit.js","statementMap":{"0":{"start":{"line":3,"column":14},"end":{"line":3,"column":30}},"1":{"start":{"line":4,"column":17},"end":{"line":4,"column":37}},"2":{"start":{"line":6,"column":17},"end":{"line":34,"column":1}},"3":{"start":{"line":7,"column":4},"end":{"line":33,"column":5}},"4":{"start":{"line":8,"column":8},"end":{"line":30,"column":9}},"5":{"start":{"line":9,"column":12},"end":{"line":9,"column":18}},"6":{"start":{"line":11,"column":25},"end":{"line":11,"column":39}},"7":{"start":{"line":12,"column":31},"end":{"line":12,"column":75}},"8":{"start":{"line":13,"column":33},"end":{"line":13,"column":75}},"9":{"start":{"line":14,"column":34},"end":{"line":14,"column":81}},"10":{"start":{"line":15,"column":12},"end":{"line":15,"column":46}},"11":{"start":{"line":16,"column":12},"end":{"line":16,"column":58}},"12":{"start":{"line":17,"column":29},"end":{"line":25,"column":14}},"13":{"start":{"line":26,"column":12},"end":{"line":29,"column":13}},"14":{"start":{"line":27,"column":16},"end":{"line":27,"column":50}},"15":{"start":{"line":28,"column":16},"end":{"line":28,"column":23}},"16":{"start":{"line":32,"column":8},"end":{"line":32,"column":17}},"17":{"start":{"line":36,"column":0},"end":{"line":36,"column":25}}},"fnMap":{"0":{"name":"(anonymous_0)","decl":{"start":{"line":6,"column":17},"end":{"line":6,"column":18}},"loc":{"start":{"line":6,"column":43},"end":{"line":34,"column":1}},"line":6}},"branchMap":{"0":{"loc":{"start":{"line":8,"column":8},"end":{"line":30,"column":9}},"type":"if","locations":[{"start":{"line":8,"column":8},"end":{"line":30,"column":9}},{"start":{"line":10,"column":15},"end":{"line":30,"column":9}}],"line":8},"1":{"loc":{"start":{"line":26,"column":12},"end":{"line":29,"column":13}},"type":"if","locations":[{"start":{"line":26,"column":12},"end":{"line":29,"column":13}},{"start":{},"end":{}}],"line":26}},"s":{"0":1,"1":1,"2":1,"3":3,"4":3,"5":3,"6":0,"7":0,"8":0,"9":0,"10":0,"11":0,"12":0,"13":0,"14":0,"15":0,"16":0,"17":1},"f":{"0":3},"b":{"0":[3,0],"1":[0,0]},"_coverageSchema":"1a1c01bbd47fc00a2c39e90264f33305004495a9","hash":"df59cccf5547f9cc0c4515a422cada8b4d55cd3e"}
,"C:\\Users\\giova\\OneDrive\\Desktop\\chatbot\\chatbot-webapp\\middlewares\\multer.js": {"path":"C:\\Users\\giova\\OneDrive\\Desktop\\chatbot\\chatbot-webapp\\middlewares\\multer.js","statementMap":{"0":{"start":{"line":3,"column":15},"end":{"line":3,"column":32}},"1":{"start":{"line":4,"column":16},"end":{"line":4,"column":38}},"2":{"start":{"line":5,"column":15},"end":{"line":5,"column":32}},"3":{"start":{"line":7,"column":20},"end":{"line":7,"column":42}},"4":{"start":{"line":9,"column":0},"end":{"line":9,"column":28}}},"fnMap":{},"branchMap":{},"s":{"0":1,"1":1,"2":1,"3":1,"4":1},"f":{},"b":{},"_coverageSchema":"1a1c01bbd47fc00a2c39e90264f33305004495a9","hash":"dcff8e8c62aa4881052c65c871477d18746d6f54"}
,"C:\\Users\\giova\\OneDrive\\Desktop\\chatbot\\chatbot-webapp\\models\\index.js": {"path":"C:\\Users\\giova\\OneDrive\\Desktop\\chatbot\\chatbot-webapp\\models\\index.js","statementMap":{"0":{"start":{"line":3,"column":11},"end":{"line":3,"column":24}},"1":{"start":{"line":4,"column":13},"end":{"line":4,"column":28}},"2":{"start":{"line":5,"column":18},"end":{"line":5,"column":38}},"3":{"start":{"line":6,"column":16},"end":{"line":6,"column":34}},"4":{"start":{"line":7,"column":17},"end":{"line":7,"column":42}},"5":{"start":{"line":8,"column":12},"end":{"line":8,"column":49}},"6":{"start":{"line":9,"column":15},"end":{"line":9,"column":65}},"7":{"start":{"line":10,"column":11},"end":{"line":10,"column":13}},"8":{"start":{"line":13,"column":0},"end":{"line":17,"column":1}},"9":{"start":{"line":14,"column":2},"end":{"line":14,"column":74}},"10":{"start":{"line":16,"column":2},"end":{"line":16,"column":87}},"11":{"start":{"line":19,"column":0},"end":{"line":32,"column":5}},"12":{"start":{"line":22,"column":4},"end":{"line":27,"column":6}},"13":{"start":{"line":30,"column":18},"end":{"line":30,"column":85}},"14":{"start":{"line":31,"column":4},"end":{"line":31,"column":27}},"15":{"start":{"line":34,"column":0},"end":{"line":38,"column":3}},"16":{"start":{"line":35,"column":2},"end":{"line":37,"column":3}},"17":{"start":{"line":36,"column":4},"end":{"line":36,"column":32}},"18":{"start":{"line":40,"column":0},"end":{"line":40,"column":25}},"19":{"start":{"line":41,"column":0},"end":{"line":41,"column":25}},"20":{"start":{"line":43,"column":0},"end":{"line":43,"column":20}}},"fnMap":{"0":{"name":"(anonymous_0)","decl":{"start":{"line":21,"column":10},"end":{"line":21,"column":11}},"loc":{"start":{"line":21,"column":18},"end":{"line":28,"column":3}},"line":21},"1":{"name":"(anonymous_1)","decl":{"start":{"line":29,"column":11},"end":{"line":29,"column":12}},"loc":{"start":{"line":29,"column":19},"end":{"line":32,"column":3}},"line":29},"2":{"name":"(anonymous_2)","decl":{"start":{"line":34,"column":24},"end":{"line":34,"column":25}},"loc":{"start":{"line":34,"column":37},"end":{"line":38,"column":1}},"line":34}},"branchMap":{"0":{"loc":{"start":{"line":8,"column":12},"end":{"line":8,"column":49}},"type":"binary-expr","locations":[{"start":{"line":8,"column":12},"end":{"line":8,"column":32}},{"start":{"line":8,"column":36},"end":{"line":8,"column":49}}],"line":8},"1":{"loc":{"start":{"line":13,"column":0},"end":{"line":17,"column":1}},"type":"if","locations":[{"start":{"line":13,"column":0},"end":{"line":17,"column":1}},{"start":{"line":15,"column":7},"end":{"line":17,"column":1}}],"line":13},"2":{"loc":{"start":{"line":23,"column":6},"end":{"line":26,"column":37}},"type":"binary-expr","locations":[{"start":{"line":23,"column":6},"end":{"line":23,"column":29}},{"start":{"line":24,"column":6},"end":{"line":24,"column":23}},{"start":{"line":25,"column":6},"end":{"line":25,"column":30}},{"start":{"line":26,"column":6},"end":{"line":26,"column":37}}],"line":23},"3":{"loc":{"start":{"line":35,"column":2},"end":{"line":37,"column":3}},"type":"if","locations":[{"start":{"line":35,"column":2},"end":{"line":37,"column":3}},{"start":{},"end":{}}],"line":35}},"s":{"0":1,"1":1,"2":1,"3":1,"4":1,"5":1,"6":1,"7":1,"8":1,"9":0,"10":1,"11":1,"12":3,"13":2,"14":2,"15":1,"16":2,"17":2,"18":1,"19":1,"20":1},"f":{"0":3,"1":2,"2":2},"b":{"0":[1,0],"1":[0,1],"2":[3,3,2,2],"3":[2,0]},"_coverageSchema":"1a1c01bbd47fc00a2c39e90264f33305004495a9","hash":"1b8e57198e29bcffef32b776b2a9fe59b0cec7f7"}
,"C:\\Users\\giova\\OneDrive\\Desktop\\chatbot\\chatbot-webapp\\models\\intent.js": {"path":"C:\\Users\\giova\\OneDrive\\Desktop\\chatbot\\chatbot-webapp\\models\\intent.js","statementMap":{"0":{"start":{"line":4,"column":4},"end":{"line":4,"column":24}},"1":{"start":{"line":5,"column":0},"end":{"line":35,"column":2}},"2":{"start":{"line":8,"column":6},"end":{"line":8,"column":67}},"3":{"start":{"line":11,"column":2},"end":{"line":33,"column":5}},"4":{"start":{"line":34,"column":2},"end":{"line":34,"column":16}}},"fnMap":{"0":{"name":"(anonymous_0)","decl":{"start":{"line":5,"column":17},"end":{"line":5,"column":18}},"loc":{"start":{"line":5,"column":43},"end":{"line":35,"column":1}},"line":5},"1":{"name":"(anonymous_1)","decl":{"start":{"line":7,"column":4},"end":{"line":7,"column":5}},"loc":{"start":{"line":7,"column":29},"end":{"line":9,"column":5}},"line":7}},"branchMap":{},"s":{"0":1,"1":1,"2":1,"3":1,"4":1},"f":{"0":1,"1":1},"b":{},"_coverageSchema":"1a1c01bbd47fc00a2c39e90264f33305004495a9","hash":"0eb51116664735dc0652338d0450149e4c1534c2"}
,"C:\\Users\\giova\\OneDrive\\Desktop\\chatbot\\chatbot-webapp\\models\\profile.js": {"path":"C:\\Users\\giova\\OneDrive\\Desktop\\chatbot\\chatbot-webapp\\models\\profile.js","statementMap":{"0":{"start":{"line":4,"column":4},"end":{"line":4,"column":24}},"1":{"start":{"line":5,"column":0},"end":{"line":43,"column":2}},"2":{"start":{"line":11,"column":2},"end":{"line":41,"column":5}},"3":{"start":{"line":42,"column":2},"end":{"line":42,"column":17}}},"fnMap":{"0":{"name":"(anonymous_0)","decl":{"start":{"line":5,"column":17},"end":{"line":5,"column":18}},"loc":{"start":{"line":5,"column":43},"end":{"line":43,"column":1}},"line":5},"1":{"name":"(anonymous_1)","decl":{"start":{"line":7,"column":4},"end":{"line":7,"column":5}},"loc":{"start":{"line":7,"column":29},"end":{"line":9,"column":5}},"line":7}},"branchMap":{},"s":{"0":1,"1":1,"2":1,"3":1},"f":{"0":1,"1":1},"b":{},"_coverageSchema":"1a1c01bbd47fc00a2c39e90264f33305004495a9","hash":"eef47ed48593d41fbd27f88bea7bf256ce825202"}
,"C:\\Users\\giova\\OneDrive\\Desktop\\chatbot\\chatbot-webapp\\routes\\index.js": {"path":"C:\\Users\\giova\\OneDrive\\Desktop\\chatbot\\chatbot-webapp\\routes\\index.js","statementMap":{"0":{"start":{"line":1,"column":15},"end":{"line":1,"column":42}},"1":{"start":{"line":2,"column":22},"end":{"line":2,"column":62}},"2":{"start":{"line":3,"column":25},"end":{"line":3,"column":67}},"3":{"start":{"line":4,"column":21},"end":{"line":4,"column":59}},"4":{"start":{"line":5,"column":20},"end":{"line":5,"column":52}},"5":{"start":{"line":6,"column":17},"end":{"line":6,"column":51}},"6":{"start":{"line":10,"column":0},"end":{"line":12,"column":2}},"7":{"start":{"line":11,"column":4},"end":{"line":11,"column":35}},"8":{"start":{"line":14,"column":0},"end":{"line":14,"column":85}},"9":{"start":{"line":15,"column":0},"end":{"line":15,"column":61}},"10":{"start":{"line":18,"column":0},"end":{"line":18,"column":59}},"11":{"start":{"line":19,"column":0},"end":{"line":19,"column":63}},"12":{"start":{"line":20,"column":0},"end":{"line":20,"column":50}},"13":{"start":{"line":22,"column":0},"end":{"line":22,"column":24}},"14":{"start":{"line":24,"column":0},"end":{"line":24,"column":23}}},"fnMap":{"0":{"name":"(anonymous_0)","decl":{"start":{"line":10,"column":16},"end":{"line":10,"column":17}},"loc":{"start":{"line":10,"column":30},"end":{"line":12,"column":1}},"line":10}},"branchMap":{},"s":{"0":1,"1":1,"2":1,"3":1,"4":1,"5":1,"6":1,"7":0,"8":1,"9":1,"10":1,"11":1,"12":1,"13":1,"14":1},"f":{"0":0},"b":{},"_coverageSchema":"1a1c01bbd47fc00a2c39e90264f33305004495a9","hash":"7defa46f782d722b3b59ab8262971ce9f721a732"}
}
